    4                         {network site number          
ARGU_NGS
LOS2_NGS
TEPU_NGS
GAV2_NGS
   10                         {experiment number            
     1    2    5              {exp. index, obs. type, number
  1925.8787    0    0    0.00000000   0.7000  ARGU_NGS  LOS2_NGS
  1925.8787   50    2    1.46375936   0.7000  ARGU_NGS  TEPU_NGS
  1925.8787  111   45    9.74868788   0.7000  ARGU_NGS  GAV2_NGS
  1925.8787    0    0    0.00000000   0.7000  GAV2_NGS  ARGU_NGS
  1925.8787   76   12    7.69218989   0.7000  GAV2_NGS  TEPU_NGS
     2    2    3              {exp. index, obs. type, number
  1876.0022    0    0    0.00000000   0.7000  ARGU_NGS  LOS2_NGS
  1876.0022   50    2    1.14186595   0.7000  ARGU_NGS  TEPU_NGS
  1876.0022  111   45    8.45549722   0.7000  ARGU_NGS  GAV2_NGS
     3    2    3              {exp. index, obs. type, number
  1875.0029    0    0    0.00000000   0.7000  GAV2_NGS  ARGU_NGS
  1875.0029   34   16    8.44333499   0.7000  GAV2_NGS  LOS2_NGS
  1875.0029   76   12    9.09802606   0.7000  GAV2_NGS  TEPU_NGS
     4    2    6              {exp. index, obs. type, number
  1925.9609    0    0    0.00000000   0.7000  LOS2_NGS  TEPU_NGS
  1925.9609   52    4   20.65625464   0.7000  LOS2_NGS  GAV2_NGS
  1925.9609   86    3    5.85295205   0.7000  LOS2_NGS  ARGU_NGS
  1925.9609    0    0    0.00000000   0.7000  TEPU_NGS  GAV2_NGS
  1925.9609   42    4   47.90650867   0.7000  TEPU_NGS  ARGU_NGS
  1925.9609   85   59   43.95171566   0.7000  TEPU_NGS  LOS2_NGS
     5    2    3              {exp. index, obs. type, number
  1883.0031    0    0    0.00000000   0.7000  LOS2_NGS  TEPU_NGS
  1883.0031   52    4   21.10013874   0.7000  LOS2_NGS  GAV2_NGS
  1883.0031   86    3    6.92528775   0.7000  LOS2_NGS  ARGU_NGS
     6    2    3              {exp. index, obs. type, number
  1882.0037    0    0    0.00000000   0.7000  TEPU_NGS  LOS2_NGS
  1882.0037  274    0   17.22057726   0.7000  TEPU_NGS  GAV2_NGS
  1882.0037  316    5    4.76845439   0.7000  TEPU_NGS  ARGU_NGS
     7    4    1              {exp. index, obs. type, number
  1879.0030   57308.98719    5.76000000  LOS2_NGS  GAV2_NGS
     8    4    1              {exp. index, obs. type, number
  1924.0033   57309.22217    5.76000000  LOS2_NGS  GAV2_NGS
     9    1    1              {exp. index, obs. type, number
  1879.0030  139   14   18.33429912   1.0000  LOS2_NGS  GAV2_NGS
    10    1    1              {exp. index, obs. type, number
  1924.0033  139   14   17.84619078   1.0000  LOS2_NGS  GAV2_NGS
