    7                         {network site number          
FTOR
BLAN
BLHL
FIBR
POZE
POZO
FORE
    1                         {experiment number            
     1   21                   {experiment index and obs. num
  1991    1   14    1.14531906    0.10000000   0.0000    1
  1991    1   14    0.96103680    0.10000000   0.0000    1
  1991    1   14    0.00000000    0.10000000   0.0000    1
  1991    1   14    2.88967911    0.10000000   0.0000    2
  1991    1   14    2.42472868    0.10000000   0.0000    2
  1991    1   14    0.00000000    0.10000000   0.0000    2
  1991    1   14    2.44863759    0.10000000   0.0000    3
  1991    1   14    2.05465090    0.10000000   0.0000    3
  1991    1   14    0.00000000    0.10000000   0.0000    3
  1991    1   14   -2.27737666    0.10000000   0.0000    4
  1991    1   14   -1.91094592    0.10000000   0.0000    4
  1991    1   14    0.00000000    0.10000000   0.0000    4
  1991    1   14    0.77211216    0.10000000   0.0000    5
  1991    1   14    0.64787903    0.10000000   0.0000    5
  1991    1   14    0.00000000    0.10000000   0.0000    5
  1991    1   14    0.78672784    0.10000000   0.0000    6
  1991    1   14    0.66014304    0.10000000   0.0000    6
  1991    1   14    0.00000000    0.10000000   0.0000    6
  1991    1   14    0.80052218    0.10000000   0.0000    7
  1991    1   14    0.67171787    0.10000000   0.0000    7
  1991    1   14    0.00000000    0.10000000   0.0000    7
