Fri Mar 31 10:41:36 EST 2000
Mon Apr  3 13:12:16 EST 2000
Mon Apr  3 16:14:51 EST 2000
Mon Apr  3 16:16:46 EST 2000
Mon Apr  3 16:18:13 EST 2000
Tue Apr  4 12:55:32 EST 2000
Tue Apr  4 12:59:14 EST 2000
Made links
Tuesday February 20 17:13:27 EST 2001
Tuesday February 20 17:15:47 EST 2001
Made links
Wednesday February 21 08:43:35 EST 2001
Wednesday February 21 08:50:03 EST 2001
Wednesday February 21 08:50:22 EST 2001
Wednesday February 21 08:59:58 EST 2001
Wednesday February 21 09:01:59 EST 2001
Wednesday February 21 09:02:58 EST 2001
Wednesday February 21 09:03:21 EST 2001
Wednesday February 21 09:04:19 EST 2001
Wednesday February 21 09:06:31 EST 2001
Made links
Wednesday February 21 09:15:21 EST 2001
Wednesday February 21 09:17:11 EST 2001
Wednesday February 21 09:19:05 EST 2001
Wednesday February 21 09:23:56 EST 2001
Wednesday February 21 09:24:34 EST 2001
Wednesday February 21 09:25:16 EST 2001
Wednesday February 21 09:25:26 EST 2001
Wednesday February 21 09:25:59 EST 2001
Wednesday February 21 09:39:37 EST 2001
Wednesday February 21 10:03:11 EST 2001
Wednesday February 21 10:04:38 EST 2001
Wednesday February 21 10:06:02 EST 2001
Wednesday February 21 10:06:42 EST 2001
Wednesday February 21 10:06:56 EST 2001
Wednesday February 21 10:09:01 EST 2001
Wednesday February 21 10:11:01 EST 2001
Wednesday February 21 10:11:30 EST 2001
Wednesday February 21 10:29:45 EST 2001
Wednesday February 21 10:30:38 EST 2001
Wednesday February 21 10:31:08 EST 2001
Wednesday February 21 10:36:48 EST 2001
Wednesday February 21 10:37:58 EST 2001
Wednesday February 21 10:38:42 EST 2001
Wednesday February 21 11:11:27 EST 2001
Wednesday February 21 11:12:39 EST 2001
Wednesday February 21 11:14:06 EST 2001
Wednesday February 21 11:15:38 EST 2001
Wednesday February 21 11:16:25 EST 2001
Wednesday February 21 11:16:44 EST 2001
Wednesday February 21 11:17:26 EST 2001
Wednesday February 21 11:18:51 EST 2001
Wednesday February 21 11:19:58 EST 2001
Wednesday February 21 11:22:28 EST 2001
Wednesday February 21 11:23:12 EST 2001
Wednesday February 21 11:26:59 EST 2001
Wednesday February 21 11:27:28 EST 2001
Made links
Wednesday February 21 11:31:07 EST 2001
Wednesday February 21 11:31:21 EST 2001
Wednesday February 21 11:32:07 EST 2001
Wednesday February 21 11:32:31 EST 2001
Wednesday February 21 11:35:47 EST 2001
Made links
Wednesday February 21 12:29:03 EST 2001
Made links
Wednesday February 21 12:38:18 EST 2001
Wednesday February 21 12:40:58 EST 2001
Made links
Wednesday February 21 12:55:12 EST 2001
Made links
Wednesday February 21 13:03:00 EST 2001
Made links
Wednesday February 21 13:40:12 EST 2001
Wednesday February 21 13:40:51 EST 2001
Made links
Wednesday February 21 13:41:20 EST 2001
Made links
Thursday February 22 13:55:20 EST 2001
Thursday February 22 13:59:28 EST 2001
Made links
Tuesday February 27 09:57:57 EST 2001
Made links
Friday May 18 13:07:06 EST 2001
Made links
Friday May 18 13:10:07 EST 2001
Made links
Friday May 18 13:13:59 EST 2001
Made links
Monday May 21 09:46:06 EST 2001
Made links
Monday May 21 09:47:15 EST 2001
Made links
Monday May 21 09:48:54 EST 2001
Made links
Monday May 21 09:52:07 EST 2001
Made links
Monday May 21 09:52:42 EST 2001
Made links
Monday May 21 09:53:44 EST 2001
Made links
Monday May 21 10:00:51 EST 2001
Made links
Monday May 21 10:21:14 EST 2001
Made links
Monday May 21 10:22:28 EST 2001
Made links
Monday May 21 10:24:40 EST 2001
Made links
Monday May 21 10:38:15 EST 2001
Made links
Monday May 21 10:39:17 EST 2001
Made links
Monday May 21 10:40:44 EST 2001
Made links
Monday May 21 10:41:45 EST 2001
Made links
Monday May 21 10:48:37 EST 2001
Made links
Monday May 21 10:50:46 EST 2001
Made links
Monday May 21 10:51:56 EST 2001
Made links
Monday May 21 10:53:18 EST 2001
Made links
Monday May 21 10:54:24 EST 2001
Made links
Monday May 21 13:44:43 EST 2001
Made links
Monday May 21 14:03:21 EST 2001
Made links
Monday May 21 14:20:42 EST 2001
Made links
Monday May 21 15:13:58 EST 2001
Made links
Wednesday May 30 17:45:30 EST 2001
Wednesday May 30 20:29:16 EST 2001
Wednesday May 30 20:31:49 EST 2001
Made links
Wednesday May 30 22:10:40 EST 2001
Wednesday May 30 22:11:38 EST 2001
Wednesday May 30 22:12:36 EST 2001
Made links
